Dmel_Top1_FBgn0004924_900_singlecopy	1	C	0	*	*	*
Dmel_Top1_FBgn0004924_900_singlecopy	2	A	0	*	*	*
Dmel_Top1_FBgn0004924_900_singlecopy	3	G	0	*	*	*
Dmel_Top1_FBgn0004924_900_singlecopy	4	C	0	*	*	*
Dmel_Top1_FBgn0004924_900_singlecopy	5	A	0	*	*	*
Dmel_Top1_FBgn0004924_900_singlecopy	6	G	0	*	*	*
Dmel_Top1_FBgn0004924_900_singlecopy	7	T	0	*	*	*
Dmel_Top1_FBgn0004924_900_singlecopy	8	C	0	*	*	*
Dmel_Top1_FBgn0004924_900_singlecopy	9	G	0	*	*	*
Dmel_Top1_FBgn0004924_900_singlecopy	10	C	0	*	*	*
Dmel_Top1_FBgn0004924_900_singlecopy	11	T	0	*	*	*
Dmel_Top1_FBgn0004924_900_singlecopy	12	A	0	*	*	*
Dmel_Top1_FBgn0004924_900_singlecopy	13	C	0	*	*	*
Dmel_Top1_FBgn0004924_900_singlecopy	14	T	0	*	*	*
Dmel_Top1_FBgn0004924_900_singlecopy	15	T	0	*	*	*
Dmel_Top1_FBgn0004924_900_singlecopy	16	G	0	*	*	*
Dmel_Top1_FBgn0004924_900_singlecopy	17	T	0	*	*	*
Dmel_Top1_FBgn0004924_900_singlecopy	18	C	0	*	*	*
Dmel_Top1_FBgn0004924_900_singlecopy	19	C	0	*	*	*
Dmel_Top1_FBgn0004924_900_singlecopy	20	G	0	*	*	*
Dmel_Top1_FBgn0004924_900_singlecopy	21	A	0	*	*	*
Dmel_Top1_FBgn0004924_900_singlecopy	22	A	0	*	*	*
Dmel_Top1_FBgn0004924_900_singlecopy	23	C	0	*	*	*
Dmel_Top1_FBgn0004924_900_singlecopy	24	C	0	*	*	*
Dmel_Top1_FBgn0004924_900_singlecopy	25	A	0	*	*	*
Dmel_Top1_FBgn0004924_900_singlecopy	26	A	0	*	*	*
Dmel_Top1_FBgn0004924_900_singlecopy	27	T	0	*	*	*
Dmel_Top1_FBgn0004924_900_singlecopy	28	C	0	*	*	*
Dmel_Top1_FBgn0004924_900_singlecopy	29	G	0	*	*	*
Dmel_Top1_FBgn0004924_900_singlecopy	30	C	0	*	*	*
Dmel_Top1_FBgn0004924_900_singlecopy	31	C	0	*	*	*
Dmel_Top1_FBgn0004924_900_singlecopy	53	G	1	^=,	E	1
Dmel_Top1_FBgn0004924_900_singlecopy	54	C	1	,	J	2
Dmel_Top1_FBgn0004924_900_singlecopy	55	T	1	,	J	3
Dmel_Top1_FBgn0004924_900_singlecopy	56	G	1	,	J	4
Dmel_Top1_FBgn0004924_900_singlecopy	57	C	1	,	J	5
Dmel_Top1_FBgn0004924_900_singlecopy	58	G	1	,	J	6
Dmel_Top1_FBgn0004924_900_singlecopy	59	T	1	,	J	7
Dmel_Top1_FBgn0004924_900_singlecopy	60	T	1	,	J	8
Dmel_Top1_FBgn0004924_900_singlecopy	61	C	1	,	F	9
Dmel_Top1_FBgn0004924_900_singlecopy	62	C	1	,	J	10
Dmel_Top1_FBgn0004924_900_singlecopy	63	G	1	,	J	11
Dmel_Top1_FBgn0004924_900_singlecopy	64	T	1	,	J	12
Dmel_Top1_FBgn0004924_900_singlecopy	65	A	1	,	J	13
Dmel_Top1_FBgn0004924_900_singlecopy	66	A	1	,	F	14
Dmel_Top1_FBgn0004924_900_singlecopy	67	A	1	,	F	15
Dmel_Top1_FBgn0004924_900_singlecopy	68	A	1	,	F	16
Dmel_Top1_FBgn0004924_900_singlecopy	69	C	1	,	F	17
Dmel_Top1_FBgn0004924_900_singlecopy	70	G	1	,	J	18
Dmel_Top1_FBgn0004924_900_singlecopy	71	C	1	,	J	19
Dmel_Top1_FBgn0004924_900_singlecopy	72	A	1	,	J	20
Dmel_Top1_FBgn0004924_900_singlecopy	73	A	1	,	J	21
Dmel_Top1_FBgn0004924_900_singlecopy	74	A	1	,	J	22
Dmel_Top1_FBgn0004924_900_singlecopy	75	G	1	,	J	23
Dmel_Top1_FBgn0004924_900_singlecopy	76	A	1	,	J	24
Dmel_Top1_FBgn0004924_900_singlecopy	77	A	1	,	J	25
Dmel_Top1_FBgn0004924_900_singlecopy	78	G	1	,	J	26
Dmel_Top1_FBgn0004924_900_singlecopy	79	C	1	,	J	27
Dmel_Top1_FBgn0004924_900_singlecopy	80	C	1	,	J	28
Dmel_Top1_FBgn0004924_900_singlecopy	81	A	1	,	J	29
Dmel_Top1_FBgn0004924_900_singlecopy	82	A	1	,	J	30
Dmel_Top1_FBgn0004924_900_singlecopy	83	A	1	,	J	31
Dmel_Top1_FBgn0004924_900_singlecopy	84	A	1	,	J	32
Dmel_Top1_FBgn0004924_900_singlecopy	85	A	1	,	J	33
Dmel_Top1_FBgn0004924_900_singlecopy	86	G	1	,	J	34
Dmel_Top1_FBgn0004924_900_singlecopy	87	C	1	,	J	35
Dmel_Top1_FBgn0004924_900_singlecopy	88	A	1	,	J	36
Dmel_Top1_FBgn0004924_900_singlecopy	89	A	1	,	J	37
Dmel_Top1_FBgn0004924_900_singlecopy	90	G	1	,	J	38
Dmel_Top1_FBgn0004924_900_singlecopy	91	G	1	,	J	39
Dmel_Top1_FBgn0004924_900_singlecopy	92	G	1	,	J	40
Dmel_Top1_FBgn0004924_900_singlecopy	93	C	1	,	J	41
Dmel_Top1_FBgn0004924_900_singlecopy	94	A	1	,	J	42
Dmel_Top1_FBgn0004924_900_singlecopy	95	T	1	,	J	43
Dmel_Top1_FBgn0004924_900_singlecopy	96	T	1	,	F	44
Dmel_Top1_FBgn0004924_900_singlecopy	97	C	1	,	J	45
Dmel_Top1_FBgn0004924_900_singlecopy	98	G	1	,	J	46
Dmel_Top1_FBgn0004924_900_singlecopy	99	C	1	,	J	47
Dmel_Top1_FBgn0004924_900_singlecopy	100	A	1	,	J	48
Dmel_Top1_FBgn0004924_900_singlecopy	101	T	1	,	J	49
Dmel_Top1_FBgn0004924_900_singlecopy	102	T	1	,	J	50
Dmel_Top1_FBgn0004924_900_singlecopy	103	G	1	,	F	51
Dmel_Top1_FBgn0004924_900_singlecopy	104	A	1	,	A	52
Dmel_Top1_FBgn0004924_900_singlecopy	105	C	1	,	J	53
Dmel_Top1_FBgn0004924_900_singlecopy	106	C	1	,	J	54
Dmel_Top1_FBgn0004924_900_singlecopy	107	A	1	,	J	55
Dmel_Top1_FBgn0004924_900_singlecopy	108	A	1	,	J	56
Dmel_Top1_FBgn0004924_900_singlecopy	109	A	1	,	J	57
Dmel_Top1_FBgn0004924_900_singlecopy	110	G	1	,	J	58
Dmel_Top1_FBgn0004924_900_singlecopy	111	C	1	,	J	59
Dmel_Top1_FBgn0004924_900_singlecopy	112	A	1	,	J	60
Dmel_Top1_FBgn0004924_900_singlecopy	113	C	1	,	J	61
Dmel_Top1_FBgn0004924_900_singlecopy	114	C	1	,	J	62
Dmel_Top1_FBgn0004924_900_singlecopy	115	A	1	,	J	63
Dmel_Top1_FBgn0004924_900_singlecopy	116	A	1	,	J	64
Dmel_Top1_FBgn0004924_900_singlecopy	117	A	1	,	J	65
Dmel_Top1_FBgn0004924_900_singlecopy	118	C	1	,	J	66
Dmel_Top1_FBgn0004924_900_singlecopy	119	G	1	,	J	67
Dmel_Top1_FBgn0004924_900_singlecopy	120	C	1	,	J	68
Dmel_Top1_FBgn0004924_900_singlecopy	121	T	1	,	F	69
Dmel_Top1_FBgn0004924_900_singlecopy	122	G	1	,	J	70
Dmel_Top1_FBgn0004924_900_singlecopy	123	C	1	,	J	71
Dmel_Top1_FBgn0004924_900_singlecopy	124	T	1	,	F	72
Dmel_Top1_FBgn0004924_900_singlecopy	125	C	1	,	J	73
Dmel_Top1_FBgn0004924_900_singlecopy	126	C	1	,	F	74
Dmel_Top1_FBgn0004924_900_singlecopy	127	T	1	,	J	75
Dmel_Top1_FBgn0004924_900_singlecopy	128	T	1	,	J	76
Dmel_Top1_FBgn0004924_900_singlecopy	129	T	1	,	J	77
Dmel_Top1_FBgn0004924_900_singlecopy	130	T	1	,	J	78
Dmel_Top1_FBgn0004924_900_singlecopy	131	C	1	,	J	79
Dmel_Top1_FBgn0004924_900_singlecopy	132	G	1	,	J	80
Dmel_Top1_FBgn0004924_900_singlecopy	133	A	1	,	J	81
Dmel_Top1_FBgn0004924_900_singlecopy	134	A	1	,	J	82
Dmel_Top1_FBgn0004924_900_singlecopy	135	A	1	,	J	83
Dmel_Top1_FBgn0004924_900_singlecopy	136	A	1	,	J	84
Dmel_Top1_FBgn0004924_900_singlecopy	137	A	1	,	J	85
Dmel_Top1_FBgn0004924_900_singlecopy	138	C	1	,	J	86
Dmel_Top1_FBgn0004924_900_singlecopy	139	T	1	,	A	87
Dmel_Top1_FBgn0004924_900_singlecopy	140	T	1	,	J	88
Dmel_Top1_FBgn0004924_900_singlecopy	141	C	1	,	J	89
Dmel_Top1_FBgn0004924_900_singlecopy	142	A	1	,	J	90
Dmel_Top1_FBgn0004924_900_singlecopy	143	G	1	,	J	91
Dmel_Top1_FBgn0004924_900_singlecopy	144	T	1	,	J	92
Dmel_Top1_FBgn0004924_900_singlecopy	145	G	1	,	J	93
Dmel_Top1_FBgn0004924_900_singlecopy	146	C	1	,	J	94
Dmel_Top1_FBgn0004924_900_singlecopy	147	G	1	,	J	95
Dmel_Top1_FBgn0004924_900_singlecopy	148	C	1	,	J	96
Dmel_Top1_FBgn0004924_900_singlecopy	149	T	1	,	J	97
Dmel_Top1_FBgn0004924_900_singlecopy	150	T	1	,	J	98
Dmel_Top1_FBgn0004924_900_singlecopy	151	T	1	,	J	99
Dmel_Top1_FBgn0004924_900_singlecopy	152	T	1	,	F	100
Dmel_Top1_FBgn0004924_900_singlecopy	153	A	1	,	J	101
Dmel_Top1_FBgn0004924_900_singlecopy	154	T	1	,	J	102
Dmel_Top1_FBgn0004924_900_singlecopy	155	T	1	,	J	103
Dmel_Top1_FBgn0004924_900_singlecopy	156	T	1	,	F	104
Dmel_Top1_FBgn0004924_900_singlecopy	157	C	1	,	J	105
Dmel_Top1_FBgn0004924_900_singlecopy	158	C	1	,	J	106
Dmel_Top1_FBgn0004924_900_singlecopy	159	C	1	,	J	107
Dmel_Top1_FBgn0004924_900_singlecopy	160	C	1	,	J	108
Dmel_Top1_FBgn0004924_900_singlecopy	161	G	1	,	J	109
Dmel_Top1_FBgn0004924_900_singlecopy	162	C	1	,	J	110
Dmel_Top1_FBgn0004924_900_singlecopy	163	C	1	,	J	111
Dmel_Top1_FBgn0004924_900_singlecopy	164	G	1	,	J	112
Dmel_Top1_FBgn0004924_900_singlecopy	165	C	1	,	J	113
Dmel_Top1_FBgn0004924_900_singlecopy	166	T	1	,	J	114
Dmel_Top1_FBgn0004924_900_singlecopy	167	G	1	,	J	115
Dmel_Top1_FBgn0004924_900_singlecopy	168	T	1	,	J	116
Dmel_Top1_FBgn0004924_900_singlecopy	169	C	1	,	J	117
Dmel_Top1_FBgn0004924_900_singlecopy	170	A	1	,	J	118
Dmel_Top1_FBgn0004924_900_singlecopy	171	C	1	,	J	119
Dmel_Top1_FBgn0004924_900_singlecopy	172	C	1	,	J	120
Dmel_Top1_FBgn0004924_900_singlecopy	173	G	1	,	J	121
Dmel_Top1_FBgn0004924_900_singlecopy	174	C	1	,	J	122
Dmel_Top1_FBgn0004924_900_singlecopy	175	T	1	,	J	123
Dmel_Top1_FBgn0004924_900_singlecopy	176	T	1	,	J	124
Dmel_Top1_FBgn0004924_900_singlecopy	177	T	1	,	J	125
Dmel_Top1_FBgn0004924_900_singlecopy	178	A	1	,	J	126
Dmel_Top1_FBgn0004924_900_singlecopy	179	A	1	,	:	127
Dmel_Top1_FBgn0004924_900_singlecopy	180	G	1	,$	3	128
Dmel_Top1_FBgn0004924_900_singlecopy	181	C	1	^M.	e	1
Dmel_Top1_FBgn0004924_900_singlecopy	182	G	1	.	j	2
Dmel_Top1_FBgn0004924_900_singlecopy	183	T	1	.	f	3
Dmel_Top1_FBgn0004924_900_singlecopy	184	G	1	.	o	4
Dmel_Top1_FBgn0004924_900_singlecopy	185	A	1	.	o	5
Dmel_Top1_FBgn0004924_900_singlecopy	186	A	1	.	s	6
Dmel_Top1_FBgn0004924_900_singlecopy	187	A	1	.	s	7
Dmel_Top1_FBgn0004924_900_singlecopy	188	A	1	.	s	8
Dmel_Top1_FBgn0004924_900_singlecopy	189	G	1	.	s	9
Dmel_Top1_FBgn0004924_900_singlecopy	190	A	1	.	o	10
Dmel_Top1_FBgn0004924_900_singlecopy	191	A	1	.	s	11
Dmel_Top1_FBgn0004924_900_singlecopy	192	A	1	.	s	12
Dmel_Top1_FBgn0004924_900_singlecopy	193	A	1	.	s	13
Dmel_Top1_FBgn0004924_900_singlecopy	194	G	1	.	s	14
Dmel_Top1_FBgn0004924_900_singlecopy	195	A	1	.	s	15
Dmel_Top1_FBgn0004924_900_singlecopy	196	A	1	.	s	16
Dmel_Top1_FBgn0004924_900_singlecopy	197	A	1	.	s	17
Dmel_Top1_FBgn0004924_900_singlecopy	198	G	1	.	s	18
Dmel_Top1_FBgn0004924_900_singlecopy	199	G	1	.	s	19
Dmel_Top1_FBgn0004924_900_singlecopy	200	A	1	.	s	20
Dmel_Top1_FBgn0004924_900_singlecopy	201	A	1	.	s	21
Dmel_Top1_FBgn0004924_900_singlecopy	202	C	1	.	s	22
Dmel_Top1_FBgn0004924_900_singlecopy	203	G	1	.	s	23
Dmel_Top1_FBgn0004924_900_singlecopy	204	A	1	.	s	24
Dmel_Top1_FBgn0004924_900_singlecopy	205	A	1	.	s	25
Dmel_Top1_FBgn0004924_900_singlecopy	206	T	1	.	s	26
Dmel_Top1_FBgn0004924_900_singlecopy	207	A	1	.	s	27
Dmel_Top1_FBgn0004924_900_singlecopy	208	A	1	.	s	28
Dmel_Top1_FBgn0004924_900_singlecopy	209	A	1	.	s	29
Dmel_Top1_FBgn0004924_900_singlecopy	210	A	1	.	s	30
Dmel_Top1_FBgn0004924_900_singlecopy	211	T	1	.	s	31
Dmel_Top1_FBgn0004924_900_singlecopy	212	A	1	.	s	32
Dmel_Top1_FBgn0004924_900_singlecopy	213	A	1	.	s	33
Dmel_Top1_FBgn0004924_900_singlecopy	214	A	1	.	s	34
Dmel_Top1_FBgn0004924_900_singlecopy	215	A	1	.	s	35
Dmel_Top1_FBgn0004924_900_singlecopy	216	G	1	.	s	36
Dmel_Top1_FBgn0004924_900_singlecopy	217	A	1	.	s	37
Dmel_Top1_FBgn0004924_900_singlecopy	218	A	1	.	s	38
Dmel_Top1_FBgn0004924_900_singlecopy	219	A	1	.	e	39
Dmel_Top1_FBgn0004924_900_singlecopy	220	A	1	.	o	40
Dmel_Top1_FBgn0004924_900_singlecopy	221	A	1	.	o	41
Dmel_Top1_FBgn0004924_900_singlecopy	222	C	1	.	s	42
Dmel_Top1_FBgn0004924_900_singlecopy	223	C	1	.	s	43
Dmel_Top1_FBgn0004924_900_singlecopy	224	G	1	.	s	44
Dmel_Top1_FBgn0004924_900_singlecopy	225	C	1	.	s	45
Dmel_Top1_FBgn0004924_900_singlecopy	226	T	1	.	j	46
Dmel_Top1_FBgn0004924_900_singlecopy	227	A	1	.	e	47
Dmel_Top1_FBgn0004924_900_singlecopy	228	A	1	.	s	48
Dmel_Top1_FBgn0004924_900_singlecopy	229	G	1	.	s	49
Dmel_Top1_FBgn0004924_900_singlecopy	230	C	1	.	s	50
Dmel_Top1_FBgn0004924_900_singlecopy	231	G	1	.	s	51
Dmel_Top1_FBgn0004924_900_singlecopy	232	A	1	.	o	52
Dmel_Top1_FBgn0004924_900_singlecopy	233	G	1	.	s	53
Dmel_Top1_FBgn0004924_900_singlecopy	234	T	1	.	o	54
Dmel_Top1_FBgn0004924_900_singlecopy	235	T	1	.	s	55
Dmel_Top1_FBgn0004924_900_singlecopy	236	C	1	.	s	56
Dmel_Top1_FBgn0004924_900_singlecopy	237	C	1	.	s	57
Dmel_Top1_FBgn0004924_900_singlecopy	238	G	1	.	s	58
Dmel_Top1_FBgn0004924_900_singlecopy	239	C	1	.	o	59
Dmel_Top1_FBgn0004924_900_singlecopy	240	A	1	.	s	60
Dmel_Top1_FBgn0004924_900_singlecopy	241	A	1	.	s	61
Dmel_Top1_FBgn0004924_900_singlecopy	242	A	1	.	s	62
Dmel_Top1_FBgn0004924_900_singlecopy	243	A	1	.	s	63
Dmel_Top1_FBgn0004924_900_singlecopy	244	T	1	.	s	64
Dmel_Top1_FBgn0004924_900_singlecopy	245	G	1	.	s	65
Dmel_Top1_FBgn0004924_900_singlecopy	246	A	1	.	e	66
Dmel_Top1_FBgn0004924_900_singlecopy	247	G	1	.	s	67
Dmel_Top1_FBgn0004924_900_singlecopy	248	T	1	.	s	68
Dmel_Top1_FBgn0004924_900_singlecopy	249	G	1	.	s	69
Dmel_Top1_FBgn0004924_900_singlecopy	250	G	1	.	s	70
Dmel_Top1_FBgn0004924_900_singlecopy	251	G	1	.	s	71
Dmel_Top1_FBgn0004924_900_singlecopy	252	G	1	.	s	72
Dmel_Top1_FBgn0004924_900_singlecopy	253	A	1	.	s	73
Dmel_Top1_FBgn0004924_900_singlecopy	254	T	1	.	s	74
Dmel_Top1_FBgn0004924_900_singlecopy	255	G	1	.	s	75
Dmel_Top1_FBgn0004924_900_singlecopy	256	T	1	.	s	76
Dmel_Top1_FBgn0004924_900_singlecopy	257	G	1	.	s	77
Dmel_Top1_FBgn0004924_900_singlecopy	258	G	1	.	s	78
Dmel_Top1_FBgn0004924_900_singlecopy	259	C	1	.	s	79
Dmel_Top1_FBgn0004924_900_singlecopy	260	T	1	.	s	80
Dmel_Top1_FBgn0004924_900_singlecopy	261	G	1	.	s	81
Dmel_Top1_FBgn0004924_900_singlecopy	262	C	1	.	s	82
Dmel_Top1_FBgn0004924_900_singlecopy	263	C	1	.	s	83
Dmel_Top1_FBgn0004924_900_singlecopy	264	G	1	.	s	84
Dmel_Top1_FBgn0004924_900_singlecopy	265	A	1	.	s	85
Dmel_Top1_FBgn0004924_900_singlecopy	266	A	1	.	s	86
Dmel_Top1_FBgn0004924_900_singlecopy	267	A	1	.	s	87
Dmel_Top1_FBgn0004924_900_singlecopy	268	A	1	.	s	88
Dmel_Top1_FBgn0004924_900_singlecopy	269	T	1	.	s	89
Dmel_Top1_FBgn0004924_900_singlecopy	270	G	1	.	s	90
Dmel_Top1_FBgn0004924_900_singlecopy	271	T	1	.	s	91
Dmel_Top1_FBgn0004924_900_singlecopy	272	A	1	.	s	92
Dmel_Top1_FBgn0004924_900_singlecopy	273	A	1	.	s	93
Dmel_Top1_FBgn0004924_900_singlecopy	274	G	1	.	s	94
Dmel_Top1_FBgn0004924_900_singlecopy	275	T	1	.	s	95
Dmel_Top1_FBgn0004924_900_singlecopy	276	G	1	.	s	96
Dmel_Top1_FBgn0004924_900_singlecopy	277	C	1	.	s	97
Dmel_Top1_FBgn0004924_900_singlecopy	278	C	1	.	s	98
Dmel_Top1_FBgn0004924_900_singlecopy	279	C	1	.	s	99
Dmel_Top1_FBgn0004924_900_singlecopy	280	T	1	.	o	100
Dmel_Top1_FBgn0004924_900_singlecopy	281	A	1	.	s	101
Dmel_Top1_FBgn0004924_900_singlecopy	282	A	1	.	s	102
Dmel_Top1_FBgn0004924_900_singlecopy	283	A	1	.	s	103
Dmel_Top1_FBgn0004924_900_singlecopy	284	C	1	.	s	104
Dmel_Top1_FBgn0004924_900_singlecopy	285	G	1	.	s	105
Dmel_Top1_FBgn0004924_900_singlecopy	286	A	1	.	s	106
Dmel_Top1_FBgn0004924_900_singlecopy	287	A	1	.	s	107
Dmel_Top1_FBgn0004924_900_singlecopy	288	A	1	.	s	108
Dmel_Top1_FBgn0004924_900_singlecopy	289	T	1	.	s	109
Dmel_Top1_FBgn0004924_900_singlecopy	290	A	1	.	s	110
Dmel_Top1_FBgn0004924_900_singlecopy	291	T	1	.	s	111
Dmel_Top1_FBgn0004924_900_singlecopy	292	C	1	.	s	112
Dmel_Top1_FBgn0004924_900_singlecopy	293	C	1	.	s	113
Dmel_Top1_FBgn0004924_900_singlecopy	294	A	1	.	s	114
Dmel_Top1_FBgn0004924_900_singlecopy	295	T	1	.	s	115
Dmel_Top1_FBgn0004924_900_singlecopy	296	T	1	.	s	116
Dmel_Top1_FBgn0004924_900_singlecopy	297	C	1	.	s	117
Dmel_Top1_FBgn0004924_900_singlecopy	298	C	1	.	s	118
Dmel_Top1_FBgn0004924_900_singlecopy	299	T	1	.	s	119
Dmel_Top1_FBgn0004924_900_singlecopy	300	T	1	.	s	120
Dmel_Top1_FBgn0004924_900_singlecopy	301	T	1	.	s	121
Dmel_Top1_FBgn0004924_900_singlecopy	302	T	1	.	s	122
Dmel_Top1_FBgn0004924_900_singlecopy	303	T	1	.	s	123
Dmel_Top1_FBgn0004924_900_singlecopy	304	T	1	.	s	124
Dmel_Top1_FBgn0004924_900_singlecopy	305	A	1	.	s	125
Dmel_Top1_FBgn0004924_900_singlecopy	306	T	1	.	s	126
Dmel_Top1_FBgn0004924_900_singlecopy	307	G	1	.	s	127
Dmel_Top1_FBgn0004924_900_singlecopy	308	T	1	.	s	128
Dmel_Top1_FBgn0004924_900_singlecopy	309	A	1	.	s	129
Dmel_Top1_FBgn0004924_900_singlecopy	310	A	1	.	o	130
Dmel_Top1_FBgn0004924_900_singlecopy	311	T	1	.	o	131
Dmel_Top1_FBgn0004924_900_singlecopy	312	G	1	.$	[	132
Dmel_Top1_FBgn0004924_900_singlecopy	677	C	1	^J.	A	1
Dmel_Top1_FBgn0004924_900_singlecopy	678	C	1	.	A	2
Dmel_Top1_FBgn0004924_900_singlecopy	679	A	1	.	F	3
Dmel_Top1_FBgn0004924_900_singlecopy	680	G	1	.	F	4
Dmel_Top1_FBgn0004924_900_singlecopy	681	C	1	.	F	5
Dmel_Top1_FBgn0004924_900_singlecopy	682	C	1	.	J	6
Dmel_Top1_FBgn0004924_900_singlecopy	683	A	1	.	J	7
Dmel_Top1_FBgn0004924_900_singlecopy	684	C	1	.	J	8
Dmel_Top1_FBgn0004924_900_singlecopy	685	T	1	.	J	9
Dmel_Top1_FBgn0004924_900_singlecopy	686	C	1	.	J	10
Dmel_Top1_FBgn0004924_900_singlecopy	687	G	1	.	J	11
Dmel_Top1_FBgn0004924_900_singlecopy	688	A	1	.	J	12
Dmel_Top1_FBgn0004924_900_singlecopy	689	A	1	.	J	13
Dmel_Top1_FBgn0004924_900_singlecopy	690	C	1	.	J	14
Dmel_Top1_FBgn0004924_900_singlecopy	691	G	1	.	J	15
Dmel_Top1_FBgn0004924_900_singlecopy	692	T	1	.	J	16
Dmel_Top1_FBgn0004924_900_singlecopy	693	T	1	.	J	17
Dmel_Top1_FBgn0004924_900_singlecopy	694	G	1	.	J	18
Dmel_Top1_FBgn0004924_900_singlecopy	695	C	1	.	J	19
Dmel_Top1_FBgn0004924_900_singlecopy	696	C	1	.	J	20
Dmel_Top1_FBgn0004924_900_singlecopy	697	T	1	.	J	21
Dmel_Top1_FBgn0004924_900_singlecopy	698	T	1	.	J	22
Dmel_Top1_FBgn0004924_900_singlecopy	699	T	1	.	J	23
Dmel_Top1_FBgn0004924_900_singlecopy	700	C	1	.	J	24
Dmel_Top1_FBgn0004924_900_singlecopy	701	C	1	.	J	25
Dmel_Top1_FBgn0004924_900_singlecopy	702	A	1	.	J	26
Dmel_Top1_FBgn0004924_900_singlecopy	703	C	1	.	J	27
Dmel_Top1_FBgn0004924_900_singlecopy	704	A	1	.	F	28
Dmel_Top1_FBgn0004924_900_singlecopy	705	T	1	.	J	29
Dmel_Top1_FBgn0004924_900_singlecopy	706	T	1	.	J	30
Dmel_Top1_FBgn0004924_900_singlecopy	707	T	1	.	J	31
Dmel_Top1_FBgn0004924_900_singlecopy	708	T	1	.	J	32
Dmel_Top1_FBgn0004924_900_singlecopy	709	T	1	.	J	33
Dmel_Top1_FBgn0004924_900_singlecopy	710	C	1	.	J	34
Dmel_Top1_FBgn0004924_900_singlecopy	711	C	1	.	J	35
Dmel_Top1_FBgn0004924_900_singlecopy	712	C	1	.	J	36
Dmel_Top1_FBgn0004924_900_singlecopy	713	C	1	.	J	37
Dmel_Top1_FBgn0004924_900_singlecopy	714	C	1	.	J	38
Dmel_Top1_FBgn0004924_900_singlecopy	715	T	1	.	F	39
Dmel_Top1_FBgn0004924_900_singlecopy	716	C	1	.	J	40
Dmel_Top1_FBgn0004924_900_singlecopy	717	A	1	.	J	41
Dmel_Top1_FBgn0004924_900_singlecopy	718	A	1	.	J	42
Dmel_Top1_FBgn0004924_900_singlecopy	719	A	1	.	J	43
Dmel_Top1_FBgn0004924_900_singlecopy	720	A	1	.	J	44
Dmel_Top1_FBgn0004924_900_singlecopy	721	A	1	.	J	45
Dmel_Top1_FBgn0004924_900_singlecopy	722	C	1	.	J	46
Dmel_Top1_FBgn0004924_900_singlecopy	723	A	1	.	J	47
Dmel_Top1_FBgn0004924_900_singlecopy	724	C	1	.	J	48
Dmel_Top1_FBgn0004924_900_singlecopy	725	C	1	.	J	49
Dmel_Top1_FBgn0004924_900_singlecopy	726	C	1	.	J	50
Dmel_Top1_FBgn0004924_900_singlecopy	727	T	1	.	J	51
Dmel_Top1_FBgn0004924_900_singlecopy	728	T	1	.	J	52
Dmel_Top1_FBgn0004924_900_singlecopy	729	T	1	.	J	53
Dmel_Top1_FBgn0004924_900_singlecopy	730	A	1	.	J	54
Dmel_Top1_FBgn0004924_900_singlecopy	731	A	1	.	J	55
Dmel_Top1_FBgn0004924_900_singlecopy	732	C	1	.	J	56
Dmel_Top1_FBgn0004924_900_singlecopy	733	T	1	.	J	57
Dmel_Top1_FBgn0004924_900_singlecopy	734	A	1	.	J	58
Dmel_Top1_FBgn0004924_900_singlecopy	735	A	1	.	J	59
Dmel_Top1_FBgn0004924_900_singlecopy	736	C	1	.	J	60
Dmel_Top1_FBgn0004924_900_singlecopy	737	T	1	.	J	61
Dmel_Top1_FBgn0004924_900_singlecopy	738	C	1	.	J	62
Dmel_Top1_FBgn0004924_900_singlecopy	739	A	1	.	J	63
Dmel_Top1_FBgn0004924_900_singlecopy	740	T	1	.	J	64
Dmel_Top1_FBgn0004924_900_singlecopy	741	T	1	.	J	65
Dmel_Top1_FBgn0004924_900_singlecopy	742	T	1	.	J	66
Dmel_Top1_FBgn0004924_900_singlecopy	743	C	1	.	J	67
Dmel_Top1_FBgn0004924_900_singlecopy	744	C	1	.	J	68
Dmel_Top1_FBgn0004924_900_singlecopy	745	C	1	.	J	69
Dmel_Top1_FBgn0004924_900_singlecopy	746	T	1	.	J	70
Dmel_Top1_FBgn0004924_900_singlecopy	747	G	1	.	J	71
Dmel_Top1_FBgn0004924_900_singlecopy	748	C	1	.	J	72
Dmel_Top1_FBgn0004924_900_singlecopy	749	A	1	.	J	73
Dmel_Top1_FBgn0004924_900_singlecopy	750	T	1	.	J	74
Dmel_Top1_FBgn0004924_900_singlecopy	751	T	1	.	J	75
Dmel_Top1_FBgn0004924_900_singlecopy	752	T	1	.	J	76
Dmel_Top1_FBgn0004924_900_singlecopy	753	C	1	.	J	77
Dmel_Top1_FBgn0004924_900_singlecopy	754	C	1	.	J	78
Dmel_Top1_FBgn0004924_900_singlecopy	755	A	1	.	F	79
Dmel_Top1_FBgn0004924_900_singlecopy	756	C	1	.	J	80
Dmel_Top1_FBgn0004924_900_singlecopy	757	T	1	.	J	81
Dmel_Top1_FBgn0004924_900_singlecopy	758	G	1	.	J	82
Dmel_Top1_FBgn0004924_900_singlecopy	759	C	1	.	J	83
Dmel_Top1_FBgn0004924_900_singlecopy	760	A	1	.	J	84
Dmel_Top1_FBgn0004924_900_singlecopy	761	A	1	.	J	85
Dmel_Top1_FBgn0004924_900_singlecopy	762	C	1	.	J	86
Dmel_Top1_FBgn0004924_900_singlecopy	763	T	1	.	J	87
Dmel_Top1_FBgn0004924_900_singlecopy	764	T	1	.	n	88
Dmel_Top1_FBgn0004924_900_singlecopy	765	G	1	.	s	89
Dmel_Top1_FBgn0004924_900_singlecopy	766	C	1	.	s	90
Dmel_Top1_FBgn0004924_900_singlecopy	767	C	1	.	s	91
Dmel_Top1_FBgn0004924_900_singlecopy	768	T	1	.	s	92
Dmel_Top1_FBgn0004924_900_singlecopy	769	T	1	.	s	93
Dmel_Top1_FBgn0004924_900_singlecopy	770	A	1	.	o	94
Dmel_Top1_FBgn0004924_900_singlecopy	771	T	1	.	s	95
Dmel_Top1_FBgn0004924_900_singlecopy	772	T	1	.	s	96
Dmel_Top1_FBgn0004924_900_singlecopy	773	T	1	.	s	97
Dmel_Top1_FBgn0004924_900_singlecopy	774	A	1	.	s	98
Dmel_Top1_FBgn0004924_900_singlecopy	775	C	1	.	s	99
Dmel_Top1_FBgn0004924_900_singlecopy	776	G	1	.	s	100
Dmel_Top1_FBgn0004924_900_singlecopy	777	T	1	.	s	101
Dmel_Top1_FBgn0004924_900_singlecopy	778	T	1	.	s	102
Dmel_Top1_FBgn0004924_900_singlecopy	779	C	1	.	s	103
Dmel_Top1_FBgn0004924_900_singlecopy	780	G	1	.	s	104
Dmel_Top1_FBgn0004924_900_singlecopy	781	C	1	.	s	105
Dmel_Top1_FBgn0004924_900_singlecopy	782	A	1	.	s	106
Dmel_Top1_FBgn0004924_900_singlecopy	783	T	1	.	o	107
Dmel_Top1_FBgn0004924_900_singlecopy	784	A	1	.	s	108
Dmel_Top1_FBgn0004924_900_singlecopy	785	G	1	.	s	109
Dmel_Top1_FBgn0004924_900_singlecopy	786	C	1	.	s	110
Dmel_Top1_FBgn0004924_900_singlecopy	787	G	1	.	s	111
Dmel_Top1_FBgn0004924_900_singlecopy	788	T	1	.	o	112
Dmel_Top1_FBgn0004924_900_singlecopy	789	C	1	.	j	113
Dmel_Top1_FBgn0004924_900_singlecopy	790	T	1	.	j	114
Dmel_Top1_FBgn0004924_900_singlecopy	791	C	1	.	j	115
Dmel_Top1_FBgn0004924_900_singlecopy	792	A	1	.	s	116
Dmel_Top1_FBgn0004924_900_singlecopy	793	A	1	.	o	117
Dmel_Top1_FBgn0004924_900_singlecopy	794	T	1	.	s	118
Dmel_Top1_FBgn0004924_900_singlecopy	795	T	1	.	s	119
Dmel_Top1_FBgn0004924_900_singlecopy	796	T	1	.	s	120
Dmel_Top1_FBgn0004924_900_singlecopy	797	C	1	.	s	121
Dmel_Top1_FBgn0004924_900_singlecopy	798	C	1	.	s	122
Dmel_Top1_FBgn0004924_900_singlecopy	799	C	1	.	s	123
Dmel_Top1_FBgn0004924_900_singlecopy	800	T	1	.	s	124
Dmel_Top1_FBgn0004924_900_singlecopy	801	G	1	.	s	125
Dmel_Top1_FBgn0004924_900_singlecopy	802	T	1	.	s	126
Dmel_Top1_FBgn0004924_900_singlecopy	803	T	1	.	s	127
Dmel_Top1_FBgn0004924_900_singlecopy	804	C	1	.	s	128
Dmel_Top1_FBgn0004924_900_singlecopy	805	T	1	.	s	129
Dmel_Top1_FBgn0004924_900_singlecopy	806	T	1	.	s	130
Dmel_Top1_FBgn0004924_900_singlecopy	807	C	1	.	s	131
Dmel_Top1_FBgn0004924_900_singlecopy	808	G	1	.	s	132
Dmel_Top1_FBgn0004924_900_singlecopy	809	T	1	.	s	133
Dmel_Top1_FBgn0004924_900_singlecopy	810	A	1	.	s	134
Dmel_Top1_FBgn0004924_900_singlecopy	811	G	1	.	s	135
Dmel_Top1_FBgn0004924_900_singlecopy	812	A	1	.	s	136
Dmel_Top1_FBgn0004924_900_singlecopy	813	T	1	.	s	137
Dmel_Top1_FBgn0004924_900_singlecopy	814	T	1	.	s	138
Dmel_Top1_FBgn0004924_900_singlecopy	815	A	1	.	s	139
Dmel_Top1_FBgn0004924_900_singlecopy	816	C	1	.	s	140
Dmel_Top1_FBgn0004924_900_singlecopy	817	C	1	.	s	141
Dmel_Top1_FBgn0004924_900_singlecopy	818	A	1	.	s	142
Dmel_Top1_FBgn0004924_900_singlecopy	819	C	1	.	r	143
Dmel_Top1_FBgn0004924_900_singlecopy	820	C	1	.	l	144
Dmel_Top1_FBgn0004924_900_singlecopy	821	A	1	.	g	145
Dmel_Top1_FBgn0004924_900_singlecopy	822	A	1	.	_	146
Dmel_Top1_FBgn0004924_900_singlecopy	823	G	1	.	U	147
Dmel_Top1_FBgn0004924_900_singlecopy	824	T	1	.	J	148
Dmel_Top1_FBgn0004924_900_singlecopy	825	T	1	.	D	149
Dmel_Top1_FBgn0004924_900_singlecopy	826	T	1	.$	@	150
