Dmel_Top1_FBgn0004924_900_singlecopy	111	C	1	^7.	<	1
Dmel_Top1_FBgn0004924_900_singlecopy	112	A	1	.	A	2
Dmel_Top1_FBgn0004924_900_singlecopy	113	C	1	.	A	3
Dmel_Top1_FBgn0004924_900_singlecopy	114	C	1	.	<	4
Dmel_Top1_FBgn0004924_900_singlecopy	115	A	1	.	F	5
Dmel_Top1_FBgn0004924_900_singlecopy	116	A	1	.	F	6
Dmel_Top1_FBgn0004924_900_singlecopy	117	A	1	.	F	7
Dmel_Top1_FBgn0004924_900_singlecopy	118	C	1	.	J	8
Dmel_Top1_FBgn0004924_900_singlecopy	119	G	1	.	A	9
Dmel_Top1_FBgn0004924_900_singlecopy	120	C	1	.	F	10
Dmel_Top1_FBgn0004924_900_singlecopy	121	T	1	.	F	11
Dmel_Top1_FBgn0004924_900_singlecopy	122	G	1	.	F	12
Dmel_Top1_FBgn0004924_900_singlecopy	123	C	1	G	J	13
Dmel_Top1_FBgn0004924_900_singlecopy	124	T	1	.	F	14
Dmel_Top1_FBgn0004924_900_singlecopy	125	C	1	.	F	15
Dmel_Top1_FBgn0004924_900_singlecopy	126	C	1	.	F	16
Dmel_Top1_FBgn0004924_900_singlecopy	127	T	0	*	*	*
Dmel_Top1_FBgn0004924_900_singlecopy	128	T	1	.	F	18
Dmel_Top1_FBgn0004924_900_singlecopy	129	T	0	*	*	*
Dmel_Top1_FBgn0004924_900_singlecopy	130	T	0	*	*	*
Dmel_Top1_FBgn0004924_900_singlecopy	131	C	1	.	A	21
Dmel_Top1_FBgn0004924_900_singlecopy	132	G	1	A	F	22
Dmel_Top1_FBgn0004924_900_singlecopy	133	A	1	.	J	23
Dmel_Top1_FBgn0004924_900_singlecopy	134	A	1	.	J	24
Dmel_Top1_FBgn0004924_900_singlecopy	135	A	1	.	J	25
Dmel_Top1_FBgn0004924_900_singlecopy	136	A	1	.	F	26
Dmel_Top1_FBgn0004924_900_singlecopy	137	A	1	.	F	27
Dmel_Top1_FBgn0004924_900_singlecopy	138	C	1	.	J	28
Dmel_Top1_FBgn0004924_900_singlecopy	139	T	1	.	J	29
Dmel_Top1_FBgn0004924_900_singlecopy	140	T	1	.	J	30
Dmel_Top1_FBgn0004924_900_singlecopy	141	C	1	.	J	31
Dmel_Top1_FBgn0004924_900_singlecopy	142	A	1	.	J	32
Dmel_Top1_FBgn0004924_900_singlecopy	143	G	1	.	J	33
Dmel_Top1_FBgn0004924_900_singlecopy	144	T	1	.	J	34
Dmel_Top1_FBgn0004924_900_singlecopy	145	G	1	.	7	35
Dmel_Top1_FBgn0004924_900_singlecopy	146	C	0	*	*	*
Dmel_Top1_FBgn0004924_900_singlecopy	147	G	0	*	*	*
Dmel_Top1_FBgn0004924_900_singlecopy	148	C	1	.	A	38
Dmel_Top1_FBgn0004924_900_singlecopy	149	T	1	.	<	39
Dmel_Top1_FBgn0004924_900_singlecopy	150	T	1	.	J	40
Dmel_Top1_FBgn0004924_900_singlecopy	151	T	1	.	F	41
Dmel_Top1_FBgn0004924_900_singlecopy	152	T	1	.	A	42
Dmel_Top1_FBgn0004924_900_singlecopy	153	A	1	.	F	43
Dmel_Top1_FBgn0004924_900_singlecopy	154	T	1	.	F	44
Dmel_Top1_FBgn0004924_900_singlecopy	155	T	1	.	J	45
Dmel_Top1_FBgn0004924_900_singlecopy	156	T	1	.	J	46
Dmel_Top1_FBgn0004924_900_singlecopy	157	C	1	.	J	47
Dmel_Top1_FBgn0004924_900_singlecopy	158	C	1	.	J	48
Dmel_Top1_FBgn0004924_900_singlecopy	159	C	1	.	<	49
Dmel_Top1_FBgn0004924_900_singlecopy	160	C	1	.	J	50
Dmel_Top1_FBgn0004924_900_singlecopy	161	G	1	.	J	51
Dmel_Top1_FBgn0004924_900_singlecopy	162	C	1	.	J	52
Dmel_Top1_FBgn0004924_900_singlecopy	163	C	1	.	F	53
Dmel_Top1_FBgn0004924_900_singlecopy	164	G	1	.	<	54
Dmel_Top1_FBgn0004924_900_singlecopy	165	C	1	.	F	55
Dmel_Top1_FBgn0004924_900_singlecopy	166	T	1	.	A	56
Dmel_Top1_FBgn0004924_900_singlecopy	167	G	1	T	F	57
Dmel_Top1_FBgn0004924_900_singlecopy	168	T	1	.	J	58
Dmel_Top1_FBgn0004924_900_singlecopy	169	C	1	.	F	59
Dmel_Top1_FBgn0004924_900_singlecopy	170	A	1	.	J	60
Dmel_Top1_FBgn0004924_900_singlecopy	171	C	1	.	E	61
Dmel_Top1_FBgn0004924_900_singlecopy	172	C	1	.	0	62
Dmel_Top1_FBgn0004924_900_singlecopy	173	G	0	*	*	*
Dmel_Top1_FBgn0004924_900_singlecopy	174	C	0	*	*	*
Dmel_Top1_FBgn0004924_900_singlecopy	175	T	0	*	*	*
Dmel_Top1_FBgn0004924_900_singlecopy	176	T	0	*	*	*
Dmel_Top1_FBgn0004924_900_singlecopy	177	T	0	*	*	*
Dmel_Top1_FBgn0004924_900_singlecopy	178	A	0	*	*	*
Dmel_Top1_FBgn0004924_900_singlecopy	179	A	0	*	*	*
Dmel_Top1_FBgn0004924_900_singlecopy	180	G	0	*	*	*
Dmel_Top1_FBgn0004924_900_singlecopy	402	T	1	^:.	A	1
Dmel_Top1_FBgn0004924_900_singlecopy	403	T	1	.	A	2
Dmel_Top1_FBgn0004924_900_singlecopy	404	G	1	.	F	3
Dmel_Top1_FBgn0004924_900_singlecopy	405	T	1	.	F	4
Dmel_Top1_FBgn0004924_900_singlecopy	406	A	1	.	F	5
Dmel_Top1_FBgn0004924_900_singlecopy	407	G	1	.	J	6
Dmel_Top1_FBgn0004924_900_singlecopy	408	G	1	.	J	7
Dmel_Top1_FBgn0004924_900_singlecopy	409	G	1	.	J	8
Dmel_Top1_FBgn0004924_900_singlecopy	410	T	1	.	A	9
Dmel_Top1_FBgn0004924_900_singlecopy	411	G	1	.	J	10
Dmel_Top1_FBgn0004924_900_singlecopy	412	C	1	.	J	11
Dmel_Top1_FBgn0004924_900_singlecopy	413	A	1	G	J	12
Dmel_Top1_FBgn0004924_900_singlecopy	414	C	1	.	J	13
Dmel_Top1_FBgn0004924_900_singlecopy	415	A	1	.	J	14
Dmel_Top1_FBgn0004924_900_singlecopy	416	G	1	.	J	15
Dmel_Top1_FBgn0004924_900_singlecopy	417	G	1	.	J	16
Dmel_Top1_FBgn0004924_900_singlecopy	418	A	1	.	J	17
Dmel_Top1_FBgn0004924_900_singlecopy	419	T	1	.	J	18
Dmel_Top1_FBgn0004924_900_singlecopy	420	A	1	.	J	19
Dmel_Top1_FBgn0004924_900_singlecopy	421	G	1	.	J	20
Dmel_Top1_FBgn0004924_900_singlecopy	422	T	1	.	J	21
Dmel_Top1_FBgn0004924_900_singlecopy	423	T	1	.	n	22
Dmel_Top1_FBgn0004924_900_singlecopy	424	G	1	.	s	23
Dmel_Top1_FBgn0004924_900_singlecopy	425	C	1	.	s	24
Dmel_Top1_FBgn0004924_900_singlecopy	426	A	1	.	s	25
Dmel_Top1_FBgn0004924_900_singlecopy	427	A	1	.	o	26
Dmel_Top1_FBgn0004924_900_singlecopy	428	G	1	.	s	27
Dmel_Top1_FBgn0004924_900_singlecopy	429	T	1	.	o	28
Dmel_Top1_FBgn0004924_900_singlecopy	430	G	1	.	s	29
Dmel_Top1_FBgn0004924_900_singlecopy	431	T	1	.	s	30
Dmel_Top1_FBgn0004924_900_singlecopy	432	A	1	.	s	31
Dmel_Top1_FBgn0004924_900_singlecopy	433	C	1	.	s	32
Dmel_Top1_FBgn0004924_900_singlecopy	434	C	1	.	s	33
Dmel_Top1_FBgn0004924_900_singlecopy	435	G	1	.	o	34
Dmel_Top1_FBgn0004924_900_singlecopy	436	C	1	.	s	35
Dmel_Top1_FBgn0004924_900_singlecopy	437	T	1	.	s	36
Dmel_Top1_FBgn0004924_900_singlecopy	438	C	1	T	j	37
Dmel_Top1_FBgn0004924_900_singlecopy	439	G	1	.	s	38
Dmel_Top1_FBgn0004924_900_singlecopy	440	C	1	.	s	39
Dmel_Top1_FBgn0004924_900_singlecopy	441	T	1	.	`	40
Dmel_Top1_FBgn0004924_900_singlecopy	442	G	1	.	s	41
Dmel_Top1_FBgn0004924_900_singlecopy	443	C	1	.	s	42
Dmel_Top1_FBgn0004924_900_singlecopy	444	T	1	.	s	43
Dmel_Top1_FBgn0004924_900_singlecopy	445	G	1	.	s	44
Dmel_Top1_FBgn0004924_900_singlecopy	446	G	1	.	s	45
Dmel_Top1_FBgn0004924_900_singlecopy	447	C	1	.	s	46
Dmel_Top1_FBgn0004924_900_singlecopy	448	A	1	.	o	47
Dmel_Top1_FBgn0004924_900_singlecopy	449	G	0	*	*	*
Dmel_Top1_FBgn0004924_900_singlecopy	450	C	0	*	*	*
Dmel_Top1_FBgn0004924_900_singlecopy	451	T	0	*	*	*
Dmel_Top1_FBgn0004924_900_singlecopy	452	G	0	*	*	*
Dmel_Top1_FBgn0004924_900_singlecopy	453	G	0	*	*	*
Dmel_Top1_FBgn0004924_900_singlecopy	454	C	0	*	*	*
Dmel_Top1_FBgn0004924_900_singlecopy	455	A	0	*	*	*
Dmel_Top1_FBgn0004924_900_singlecopy	456	G	0	*	*	*
Dmel_Top1_FBgn0004924_900_singlecopy	457	C	0	*	*	*
Dmel_Top1_FBgn0004924_900_singlecopy	458	G	0	*	*	*
Dmel_Top1_FBgn0004924_900_singlecopy	459	A	0	*	*	*
Dmel_Top1_FBgn0004924_900_singlecopy	460	C	0	*	*	*
Dmel_Top1_FBgn0004924_900_singlecopy	461	G	0	*	*	*
Dmel_Top1_FBgn0004924_900_singlecopy	462	C	0	*	*	*
Dmel_Top1_FBgn0004924_900_singlecopy	463	C	0	*	*	*
Dmel_Top1_FBgn0004924_900_singlecopy	464	G	0	*	*	*
Dmel_Top1_FBgn0004924_900_singlecopy	465	A	0	*	*	*
Dmel_Top1_FBgn0004924_900_singlecopy	466	C	0	*	*	*
Dmel_Top1_FBgn0004924_900_singlecopy	467	A	0	*	*	*
Dmel_Top1_FBgn0004924_900_singlecopy	468	G	0	*	*	*
Dmel_Top1_FBgn0004924_900_singlecopy	469	C	0	*	*	*
Dmel_Top1_FBgn0004924_900_singlecopy	470	G	0	*	*	*
Dmel_Top1_FBgn0004924_900_singlecopy	471	C	0	*	*	*
Dmel_Top1_FBgn0004924_900_singlecopy	472	T	0	*	*	*
Dmel_Top1_FBgn0004924_900_singlecopy	473	G	0	*	*	*
Dmel_Top1_FBgn0004924_900_singlecopy	474	C	0	*	*	*
Dmel_Top1_FBgn0004924_900_singlecopy	475	C	0	*	*	*
Dmel_Top1_FBgn0004924_900_singlecopy	476	A	0	*	*	*
Dmel_Top1_FBgn0004924_900_singlecopy	477	G	0	*	*	*
Dmel_Top1_FBgn0004924_900_singlecopy	478	C	0	*	*	*
Dmel_Top1_FBgn0004924_900_singlecopy	479	A	0	*	*	*
Dmel_Top1_FBgn0004924_900_singlecopy	480	G	0	*	*	*
Dmel_Top1_FBgn0004924_900_singlecopy	481	A	0	*	*	*
Dmel_Top1_FBgn0004924_900_singlecopy	482	G	0	*	*	*
Dmel_Top1_FBgn0004924_900_singlecopy	483	T	0	*	*	*
Dmel_Top1_FBgn0004924_900_singlecopy	484	G	0	*	*	*
Dmel_Top1_FBgn0004924_900_singlecopy	485	C	0	*	*	*
Dmel_Top1_FBgn0004924_900_singlecopy	486	G	0	*	*	*
Dmel_Top1_FBgn0004924_900_singlecopy	487	T	0	*	*	*
Dmel_Top1_FBgn0004924_900_singlecopy	488	A	0	*	*	*
Dmel_Top1_FBgn0004924_900_singlecopy	489	A	0	*	*	*
Dmel_Top1_FBgn0004924_900_singlecopy	490	A	0	*	*	*
Dmel_Top1_FBgn0004924_900_singlecopy	491	A	0	*	*	*
Dmel_Top1_FBgn0004924_900_singlecopy	492	T	0	*	*	*
Dmel_Top1_FBgn0004924_900_singlecopy	493	A	0	*	*	*
Dmel_Top1_FBgn0004924_900_singlecopy	494	C	0	*	*	*
Dmel_Top1_FBgn0004924_900_singlecopy	495	A	0	*	*	*
Dmel_Top1_FBgn0004924_900_singlecopy	496	A	0	*	*	*
Dmel_Top1_FBgn0004924_900_singlecopy	497	C	0	*	*	*
Dmel_Top1_FBgn0004924_900_singlecopy	498	G	0	*	*	*
Dmel_Top1_FBgn0004924_900_singlecopy	499	A	0	*	*	*
Dmel_Top1_FBgn0004924_900_singlecopy	500	G	0	*	*	*
Dmel_Top1_FBgn0004924_900_singlecopy	501	C	0	*	*	*
Dmel_Top1_FBgn0004924_900_singlecopy	502	A	0	*	*	*
Dmel_Top1_FBgn0004924_900_singlecopy	503	G	0	*	*	*
Dmel_Top1_FBgn0004924_900_singlecopy	504	A	0	*	*	*
Dmel_Top1_FBgn0004924_900_singlecopy	505	G	0	*	*	*
Dmel_Top1_FBgn0004924_900_singlecopy	506	A	0	*	*	*
Dmel_Top1_FBgn0004924_900_singlecopy	507	A	0	*	*	*
Dmel_Top1_FBgn0004924_900_singlecopy	508	A	0	*	*	*
Dmel_Top1_FBgn0004924_900_singlecopy	509	A	0	*	*	*
Dmel_Top1_FBgn0004924_900_singlecopy	510	A	0	*	*	*
Dmel_Top1_FBgn0004924_900_singlecopy	511	A	0	*	*	*
Dmel_Top1_FBgn0004924_900_singlecopy	512	A	1	.	1	107
Dmel_Top1_FBgn0004924_900_singlecopy	513	A	1	.	7	108
Dmel_Top1_FBgn0004924_900_singlecopy	514	G	1	.	s	109
Dmel_Top1_FBgn0004924_900_singlecopy	515	T	1	.	s	110
Dmel_Top1_FBgn0004924_900_singlecopy	516	A	1	.	s	111
Dmel_Top1_FBgn0004924_900_singlecopy	517	A	1	.	s	112
Dmel_Top1_FBgn0004924_900_singlecopy	518	G	1	.	s	113
Dmel_Top1_FBgn0004924_900_singlecopy	519	A	1	.	s	114
Dmel_Top1_FBgn0004924_900_singlecopy	520	A	1	.	s	115
Dmel_Top1_FBgn0004924_900_singlecopy	521	G	1	.	s	116
Dmel_Top1_FBgn0004924_900_singlecopy	522	A	1	.	k	117
Dmel_Top1_FBgn0004924_900_singlecopy	523	G	1	.	s	118
Dmel_Top1_FBgn0004924_900_singlecopy	524	G	1	.	s	119
Dmel_Top1_FBgn0004924_900_singlecopy	525	T	1	.	V	120
Dmel_Top1_FBgn0004924_900_singlecopy	526	C	1	.	o	121
Dmel_Top1_FBgn0004924_900_singlecopy	527	T	1	.	s	122
Dmel_Top1_FBgn0004924_900_singlecopy	528	T	1	.	s	123
Dmel_Top1_FBgn0004924_900_singlecopy	529	T	1	.	s	124
Dmel_Top1_FBgn0004924_900_singlecopy	530	T	1	.	s	125
Dmel_Top1_FBgn0004924_900_singlecopy	531	G	1	.	s	126
Dmel_Top1_FBgn0004924_900_singlecopy	532	G	1	.	s	127
Dmel_Top1_FBgn0004924_900_singlecopy	533	T	1	.	s	128
Dmel_Top1_FBgn0004924_900_singlecopy	534	A	1	.	s	129
Dmel_Top1_FBgn0004924_900_singlecopy	535	A	1	.	s	130
Dmel_Top1_FBgn0004924_900_singlecopy	536	T	1	.	s	131
Dmel_Top1_FBgn0004924_900_singlecopy	537	T	1	.	s	132
Dmel_Top1_FBgn0004924_900_singlecopy	538	G	1	.	s	133
Dmel_Top1_FBgn0004924_900_singlecopy	539	A	1	.	o	134
Dmel_Top1_FBgn0004924_900_singlecopy	540	C	1	.	s	135
Dmel_Top1_FBgn0004924_900_singlecopy	541	G	1	.	o	136
Dmel_Top1_FBgn0004924_900_singlecopy	542	A	1	.	o	137
Dmel_Top1_FBgn0004924_900_singlecopy	543	A	1	.	s	138
Dmel_Top1_FBgn0004924_900_singlecopy	544	A	1	.	s	139
Dmel_Top1_FBgn0004924_900_singlecopy	545	A	1	.	o	140
Dmel_Top1_FBgn0004924_900_singlecopy	546	T	1	.	s	141
Dmel_Top1_FBgn0004924_900_singlecopy	547	G	1	.	s	142
Dmel_Top1_FBgn0004924_900_singlecopy	548	G	1	.	s	143
Dmel_Top1_FBgn0004924_900_singlecopy	549	C	1	.	e	144
Dmel_Top1_FBgn0004924_900_singlecopy	550	G	2	.,	7J	145,124
Dmel_Top1_FBgn0004924_900_singlecopy	551	A	2	.,	AJ	146,125
Dmel_Top1_FBgn0004924_900_singlecopy	552	C	2	.,	FJ	147,126
Dmel_Top1_FBgn0004924_900_singlecopy	553	A	2	.$,	>J	148,127
Dmel_Top1_FBgn0004924_900_singlecopy	554	A	1	,	J	128
Dmel_Top1_FBgn0004924_900_singlecopy	555	T	1	,	J	129
Dmel_Top1_FBgn0004924_900_singlecopy	556	G	1	,	J	130
Dmel_Top1_FBgn0004924_900_singlecopy	557	C	1	,	J	131
Dmel_Top1_FBgn0004924_900_singlecopy	558	A	1	,	J	132
Dmel_Top1_FBgn0004924_900_singlecopy	559	A	1	,	J	133
Dmel_Top1_FBgn0004924_900_singlecopy	560	G	1	,	J	134
Dmel_Top1_FBgn0004924_900_singlecopy	561	T	1	,	J	135
Dmel_Top1_FBgn0004924_900_singlecopy	562	G	1	,	J	136
Dmel_Top1_FBgn0004924_900_singlecopy	563	G	1	,	J	137
Dmel_Top1_FBgn0004924_900_singlecopy	564	G	1	,	J	138
Dmel_Top1_FBgn0004924_900_singlecopy	565	A	1	,	J	139
Dmel_Top1_FBgn0004924_900_singlecopy	566	A	1	,	J	140
Dmel_Top1_FBgn0004924_900_singlecopy	567	A	1	,	J	141
Dmel_Top1_FBgn0004924_900_singlecopy	568	A	1	,	J	142
Dmel_Top1_FBgn0004924_900_singlecopy	569	G	1	,	J	143
Dmel_Top1_FBgn0004924_900_singlecopy	570	G	1	,	J	144
Dmel_Top1_FBgn0004924_900_singlecopy	571	T	1	c	F	145
Dmel_Top1_FBgn0004924_900_singlecopy	572	G	1	,	F	146
Dmel_Top1_FBgn0004924_900_singlecopy	573	A	1	,	F	147
Dmel_Top1_FBgn0004924_900_singlecopy	574	A	1	,	A	148
Dmel_Top1_FBgn0004924_900_singlecopy	575	G	1	,$	>	149
