The references input:
Threads used: 8
Bowtie2 alignment settings: --very-sensitive-local
/mnt/d/Pipeline_project/scriptTest/reads/
yes
yes
false
/mnt/d/Pipeline_project/scriptTest/reads/
Settings:
  Output files: "refbase_.*.bt2"
  Line rate: 6 (line is 64 bytes)
  Lines per side: 1 (side is 64 bytes)
  Offset rate: 4 (one in 16)
  FTable chars: 10
  Strings: unpacked
  Max bucket size: default
  Max bucket size, sqrt multiplier: default
  Max bucket size, len divisor: 4
  Difference-cover sample period: 1024
  Endianness: little
  Actual local endianness: little
  Sanity checking: disabled
  Assertions: disabled
  Random seed: 0
  Sizeofs: void*:8, int:4, long:8, size_t:8
Input files DNA, FASTA:
  all_References.fa
Building a SMALL index
Reading reference sizes
  Time reading reference sizes: 00:00:00
Calculating joined length
Writing header
Reserving space for joined string
Joining reference sequences
  Time to join reference sequences: 00:00:00
bmax according to bmaxDivN setting: 412
Using parameters --bmax 309 --dcv 1024
  Doing ahead-of-time memory usage test
  Passed!  Constructing with these parameters: --bmax 309 --dcv 1024
Constructing suffix-array element generator
Building DifferenceCoverSample
  Building sPrime
  Building sPrimeOrder
  V-Sorting samples
  V-Sorting samples time: 00:00:00
  Allocating rank array
  Ranking v-sort output
  Ranking v-sort output time: 00:00:00
  Invoking Larsson-Sadakane on ranks
  Invoking Larsson-Sadakane on ranks time: 00:00:00
  Sanity-checking and returning
Building samples
Reserving space for 12 sample suffixes
Generating random suffixes
QSorting 12 sample offsets, eliminating duplicates
QSorting sample offsets, eliminating duplicates time: 00:00:00
Multikey QSorting 12 samples
  (Using difference cover)
  Multikey QSorting samples time: 00:00:00
Calculating bucket sizes
Splitting and merging
  Splitting and merging time: 00:00:00
Avg bucket size: 1650 (target: 308)
Converting suffix-array elements to index image
Allocating ftab, absorbFtab
Entering Ebwt loop
Getting block 1 of 1
  No samples; assembling all-inclusive block
  Sorting block of length 1650 for bucket 1
  (Using difference cover)
  Sorting block time: 00:00:00
Returning block of 1651 for bucket 1
Exited Ebwt loop
fchr[A]: 0
fchr[C]: 560
fchr[G]: 831
fchr[T]: 1150
fchr[$]: 1650
Exiting Ebwt::buildToDisk()
Returning from initFromVector
Wrote 4195121 bytes to primary EBWT file: refbase_.1.bt2
Wrote 420 bytes to secondary EBWT file: refbase_.2.bt2
Re-opening _in1 and _in2 as input streams
Returning from Ebwt constructor
Headers:
    len: 1650
    bwtLen: 1651
    sz: 413
    bwtSz: 413
    lineRate: 6
    offRate: 4
    offMask: 0xfffffff0
    ftabChars: 10
    eftabLen: 20
    eftabSz: 80
    ftabLen: 1048577
    ftabSz: 4194308
    offsLen: 104
    offsSz: 416
    lineSz: 64
    sideSz: 64
    sideBwtSz: 48
    sideBwtLen: 192
    numSides: 9
    numLines: 9
    ebwtTotLen: 576
    ebwtTotSz: 576
    color: 0
    reverse: 0
Total time for call to driver() for forward index: 00:00:00
Reading reference sizes
  Time reading reference sizes: 00:00:00
Calculating joined length
Writing header
Reserving space for joined string
Joining reference sequences
  Time to join reference sequences: 00:00:00
  Time to reverse reference sequence: 00:00:00
bmax according to bmaxDivN setting: 412
Using parameters --bmax 309 --dcv 1024
  Doing ahead-of-time memory usage test
  Passed!  Constructing with these parameters: --bmax 309 --dcv 1024
Constructing suffix-array element generator
Building DifferenceCoverSample
  Building sPrime
  Building sPrimeOrder
  V-Sorting samples
  V-Sorting samples time: 00:00:00
  Allocating rank array
  Ranking v-sort output
  Ranking v-sort output time: 00:00:00
  Invoking Larsson-Sadakane on ranks
  Invoking Larsson-Sadakane on ranks time: 00:00:00
  Sanity-checking and returning
Building samples
Reserving space for 12 sample suffixes
Generating random suffixes
QSorting 12 sample offsets, eliminating duplicates
QSorting sample offsets, eliminating duplicates time: 00:00:00
Multikey QSorting 12 samples
  (Using difference cover)
  Multikey QSorting samples time: 00:00:00
Calculating bucket sizes
Splitting and merging
  Splitting and merging time: 00:00:00
Avg bucket size: 1650 (target: 308)
Converting suffix-array elements to index image
Allocating ftab, absorbFtab
Entering Ebwt loop
Getting block 1 of 1
  No samples; assembling all-inclusive block
  Sorting block of length 1650 for bucket 1
  (Using difference cover)
  Sorting block time: 00:00:00
Returning block of 1651 for bucket 1
Exited Ebwt loop
fchr[A]: 0
fchr[C]: 560
fchr[G]: 831
fchr[T]: 1150
fchr[$]: 1650
Exiting Ebwt::buildToDisk()
Returning from initFromVector
Wrote 4195121 bytes to primary EBWT file: refbase_.rev.1.bt2
Wrote 420 bytes to secondary EBWT file: refbase_.rev.2.bt2
Re-opening _in1 and _in2 as input streams
Returning from Ebwt constructor
Headers:
    len: 1650
    bwtLen: 1651
    sz: 413
    bwtSz: 413
    lineRate: 6
    offRate: 4
    offMask: 0xfffffff0
    ftabChars: 10
    eftabLen: 20
    eftabSz: 80
    ftabLen: 1048577
    ftabSz: 4194308
    offsLen: 104
    offsSz: 416
    lineSz: 64
    sideSz: 64
    sideBwtSz: 48
    sideBwtLen: 192
    numSides: 9
    numLines: 9
    ebwtTotLen: 576
    ebwtTotSz: 576
    color: 0
    reverse: 1
Total time for backward call to driver() for mirror index: 00:00:00
mapping reads
/mnt/d/Pipeline_project/scriptTest/reads//500K_mauG_R1.fastq
/mnt/d/Pipeline_project/scriptTest/reads//500K_mauG_R2.fastq
gzip: compressed data not read from a terminal. Use -f to force decompression.
For help, type: gzip -h
using alternative counting method

/mnt/d/Pipeline_project/scriptTest/reads//5M_isoG_1.fq.gz
/mnt/d/Pipeline_project/scriptTest/reads//5M_isoG_2.fq.gz
gzip: compressed data not read from a terminal. Use -f to force decompression.
For help, type: gzip -h
using alternative counting method

done
mapped reads
analyzing reference: dmel_rDNA_E__TS_Other_rDNA
analyzing reference: Dmel_Top1_FBgn0004924_900_singlecopy
dmel_rDNA_E__TS_Other_rDNA
dmel_rDNA_E__TS_Other_rDNA
dmel_rDNA_E__TS_Other_rDNA
/mnt/d/Pipeline_project/scriptTest/reads/ETS.txt
826
dmel_rDNA_E__TS_Other_rDNA
The reference sequence currently under analysis:
dmel_rDNA_E__TS_Other_rDNA

dmel_rDNA_E__TS_Other_rDNA
dmel_rDNA_E__TS_Other_rDNA
mappedreads: 423
aligned : .0008
dmel_rDNA_E__TS_Other_rDNA
dmel_rDNA_E__TS_Other_rDNA
mappedreads: 909
aligned : .0018
calculating read depth at each position
calculating read depth at each position
save me
826
counting bases and preparing files for Rscripts from samtools pileup .out file
end of python script
Saving variation plot... 
  Position
1        1
2        2
3        3
4        4
5        5
6        6
  Position CountMatch CountA CountT CountG CountC
1        1          1      0      0      0      0
2        2          4      0      0      0      0
3        3          5      0      0      0      0
4        4          5      0      0      0      0
5        5          8      0      0      0      0
6        6          8      0      0      0      0
  Position   variable value
1        1 CountMatch     1
2        2 CountMatch     4
3        3 CountMatch     5
4        4 CountMatch     5
5        5 CountMatch     8
6        6 CountMatch     8
[1] 4125
file saved to  variant_profile.pdf 
826
counting bases and preparing files for Rscripts from samtools pileup .out file
end of python script
Saving variation plot... 
  Position
1        1
2        2
3        3
4        4
5        5
6        6
  Position CountMatch CountA CountT CountG CountC
1        1          1      0      0      0      0
2        2          7      0      0      0      0
3        3         18      0      0      0      0
4        4         19      0      0      0      0
5        5         22      0      0      0      0
6        6         25      0      0      0      0
  Position   variable value
1        1 CountMatch     1
2        2 CountMatch     7
3        3 CountMatch    18
4        4 CountMatch    19
5        5 CountMatch    22
6        6 CountMatch    25
[1] 4125
file saved to  variant_profile.pdf 
dmel_rDNA_E__TS_Other_rDNA_001
Rscript mk_profiles.R started:  dmel_rDNA_E__TS_Other_rDNA_001 
[1] "false"
[1] 0.1
[1] "500K_mauG_R1.fastq"
Saving horizontal gradient plot... 
file saved to  dmel_rDNA_E__TS_Other_rDNA_001/scaled_profile.pdf 
Preparing solid plot data... 
Saving solid plot... 
file saved to  dmel_rDNA_E__TS_Other_rDNA_001/simple_vector_profile.pdf 
dmel_rDNA_E__TS_Other_rDNA_002
Rscript mk_profiles.R started:  dmel_rDNA_E__TS_Other_rDNA_002 
[1] "false"
[1] 0.1
[1] "5M_isoG_1.fq.gz"
Saving horizontal gradient plot... 
file saved to  dmel_rDNA_E__TS_Other_rDNA_002/scaled_profile.pdf 
Preparing solid plot data... 
Saving solid plot... 
file saved to  dmel_rDNA_E__TS_Other_rDNA_002/simple_vector_profile.pdf 
Saving color plots scaled within references (horizontal gradient)... 
[1] 1
[1] 2
Saving combined variation plots... 
[1] 1
[1] 2
Fri_Mar_19_21_17_12_EDT_2021-RP_output
done
[mpileup] 1 samples in 1 input files
[mpileup] Max depth set to maximum value (2147483647)
[mpileup] 1 samples in 1 input files
[mpileup] Max depth set to maximum value (2147483647)
file saved to scaled_profiles.pdf
file saved to variant_profiles.pdf
Dmel_Top1_FBgn0004924_900_singlecopy
Dmel_Top1_FBgn0004924_900_singlecopy
Dmel_Top1_FBgn0004924_900_singlecopy
/mnt/d/Pipeline_project/scriptTest/reads/ETS.txt
841
Dmel_Top1_FBgn0004924_900_singlecopy
The reference sequence currently under analysis:
Dmel_Top1_FBgn0004924_900_singlecopy

Dmel_Top1_FBgn0004924_900_singlecopy
Dmel_Top1_FBgn0004924_900_singlecopy
mappedreads: 2
aligned : 0
Dmel_Top1_FBgn0004924_900_singlecopy
Dmel_Top1_FBgn0004924_900_singlecopy
mappedreads: 3
aligned : 0
calculating read depth at each position
calculating read depth at each position
save me
841
counting bases and preparing files for Rscripts from samtools pileup .out file
end of python script
Saving variation plot... 
  Position
1        1
2        2
3        3
4        4
5        5
6        6
  Position CountMatch CountA CountT CountG CountC
1        1          0      0      0      0      0
2        2          0      0      0      0      0
3        3          0      0      0      0      0
4        4          0      0      0      0      0
5        5          0      0      0      0      0
6        6          0      0      0      0      0
  Position   variable value
1        1 CountMatch     0
2        2 CountMatch     0
3        3 CountMatch     0
4        4 CountMatch     0
5        5 CountMatch     0
6        6 CountMatch     0
[1] 4200
file saved to  variant_profile.pdf 
841
counting bases and preparing files for Rscripts from samtools pileup .out file
end of python script
Saving variation plot... 
  Position
1        1
2        2
3        3
4        4
5        5
6        6
  Position CountMatch CountA CountT CountG CountC
1        1          1      0      0      0      0
2        2          1      0      0      0      0
3        3          1      0      0      0      0
4        4          1      0      0      0      0
5        5          1      0      0      0      0
6        6          1      0      0      0      0
  Position   variable value
1        1 CountMatch     1
2        2 CountMatch     1
3        3 CountMatch     1
4        4 CountMatch     1
5        5 CountMatch     1
6        6 CountMatch     1
[1] 4200
file saved to  variant_profile.pdf 
Dmel_Top1_FBgn0004924_900_singlecopy_001
Rscript mk_profiles.R started:  Dmel_Top1_FBgn0004924_900_singlecopy_001 
[1] "false"
[1] 0.1
[1] "500K_mauG_R1.fastq"
Saving horizontal gradient plot... 
file saved to  Dmel_Top1_FBgn0004924_900_singlecopy_001/scaled_profile.pdf 
Preparing solid plot data... 
Saving solid plot... 
file saved to  Dmel_Top1_FBgn0004924_900_singlecopy_001/simple_vector_profile.pdf 
Dmel_Top1_FBgn0004924_900_singlecopy_002
Rscript mk_profiles.R started:  Dmel_Top1_FBgn0004924_900_singlecopy_002 
[1] "false"
[1] 0.1
[1] "5M_isoG_1.fq.gz"
Saving horizontal gradient plot... 
file saved to  Dmel_Top1_FBgn0004924_900_singlecopy_002/scaled_profile.pdf 
Preparing solid plot data... 
Saving solid plot... 
file saved to  Dmel_Top1_FBgn0004924_900_singlecopy_002/simple_vector_profile.pdf 
Saving color plots scaled within references (horizontal gradient)... 
[1] 1
[1] 2
Saving combined variation plots... 
[1] 1
[1] 2
exists
Fri_Mar_19_21_17_12_EDT_2021-RP_output
done
[mpileup] 1 samples in 1 input files
[mpileup] Max depth set to maximum value (2147483647)
[mpileup] 1 samples in 1 input files
[mpileup] Max depth set to maximum value (2147483647)
file saved to scaled_profiles.pdf
file saved to variant_profiles.pdf
[1] "running depth_analyser"
Thenumber: 2
false
Saving color plots scaled across all references (horizontal gradient)... 
[1] "colorflag is  false"
[1] "indelflag: false"
[1] 1
[1] 2
file saved to scaled_profiles_allrefs/dmel_rDNA_E__TS_Other_rDNA.pdf
[1] 3
[1] 4
file saved to scaled_profiles_allrefs/Dmel_Top1_FBgn0004924_900_singlecopy.pdf
________________________________
< The analysis has been completed! >
--------------------------------
